>> Writing PID to ./thin.4567.pid
>> Changing process privilege to root:root
>> Exiting!
/Users/leeourand/.gem/ruby/1.8/gems/thin-1.0.0/lib/thin/daemonizing.rb:64:in `getgrnam': can't find group for root (ArgumentError)
	from /Users/leeourand/.gem/ruby/1.8/gems/thin-1.0.0/lib/thin/daemonizing.rb:64:in `change_privilege'
	from /Users/leeourand/.gem/ruby/1.8/gems/thin-1.0.0/lib/thin/controllers/controller.rb:60:in `start'
	from /Users/leeourand/.gem/ruby/1.8/gems/thin-1.0.0/lib/thin/runner.rb:173:in `send'
	from /Users/leeourand/.gem/ruby/1.8/gems/thin-1.0.0/lib/thin/runner.rb:173:in `run_command'
	from /Users/leeourand/.gem/ruby/1.8/gems/thin-1.0.0/lib/thin/runner.rb:139:in `run!'
	from /Users/leeourand/.gem/ruby/1.8/gems/thin-1.0.0/bin/thin:6
	from /usr/local/bin/thin:19:in `load'
	from /usr/local/bin/thin:19
>> Writing PID to ./thin.4567.pid
>> Changing process privilege to root:root
>> Exiting!
/Users/leeourand/.gem/ruby/1.8/gems/thin-1.0.0/lib/thin/daemonizing.rb:64:in `getgrnam': can't find group for root (ArgumentError)
	from /Users/leeourand/.gem/ruby/1.8/gems/thin-1.0.0/lib/thin/daemonizing.rb:64:in `change_privilege'
	from /Users/leeourand/.gem/ruby/1.8/gems/thin-1.0.0/lib/thin/controllers/controller.rb:60:in `start'
	from /Users/leeourand/.gem/ruby/1.8/gems/thin-1.0.0/lib/thin/runner.rb:173:in `send'
	from /Users/leeourand/.gem/ruby/1.8/gems/thin-1.0.0/lib/thin/runner.rb:173:in `run_command'
	from /Users/leeourand/.gem/ruby/1.8/gems/thin-1.0.0/lib/thin/runner.rb:139:in `run!'
	from /Users/leeourand/.gem/ruby/1.8/gems/thin-1.0.0/bin/thin:6
	from /usr/local/bin/thin:19:in `load'
	from /usr/local/bin/thin:19
>> Writing PID to ./thin.4567.pid
>> Changing process privilege to root:root
>> Exiting!
/Users/leeourand/.gem/ruby/1.8/gems/thin-1.0.0/lib/thin/daemonizing.rb:64:in `getgrnam': can't find group for root (ArgumentError)
	from /Users/leeourand/.gem/ruby/1.8/gems/thin-1.0.0/lib/thin/daemonizing.rb:64:in `change_privilege'
	from /Users/leeourand/.gem/ruby/1.8/gems/thin-1.0.0/lib/thin/controllers/controller.rb:60:in `start'
	from /Users/leeourand/.gem/ruby/1.8/gems/thin-1.0.0/lib/thin/runner.rb:173:in `send'
	from /Users/leeourand/.gem/ruby/1.8/gems/thin-1.0.0/lib/thin/runner.rb:173:in `run_command'
	from /Users/leeourand/.gem/ruby/1.8/gems/thin-1.0.0/lib/thin/runner.rb:139:in `run!'
	from /Users/leeourand/.gem/ruby/1.8/gems/thin-1.0.0/bin/thin:6
	from /usr/local/bin/thin:19:in `load'
	from /usr/local/bin/thin:19
>> Writing PID to ./thin.4567.pid
>> Changing process privilege to root:root
>> Exiting!
/Users/leeourand/.gem/ruby/1.8/gems/thin-1.0.0/lib/thin/daemonizing.rb:64:in `getgrnam': can't find group for root (ArgumentError)
	from /Users/leeourand/.gem/ruby/1.8/gems/thin-1.0.0/lib/thin/daemonizing.rb:64:in `change_privilege'
	from /Users/leeourand/.gem/ruby/1.8/gems/thin-1.0.0/lib/thin/controllers/controller.rb:60:in `start'
	from /Users/leeourand/.gem/ruby/1.8/gems/thin-1.0.0/lib/thin/runner.rb:173:in `send'
	from /Users/leeourand/.gem/ruby/1.8/gems/thin-1.0.0/lib/thin/runner.rb:173:in `run_command'
	from /Users/leeourand/.gem/ruby/1.8/gems/thin-1.0.0/lib/thin/runner.rb:139:in `run!'
	from /Users/leeourand/.gem/ruby/1.8/gems/thin-1.0.0/bin/thin:6
	from /usr/local/bin/thin:19:in `load'
	from /usr/local/bin/thin:19
>> Writing PID to ./thin.4567.pid
>> Changing process privilege to root:root
>> Exiting!
/Users/leeourand/.gem/ruby/1.8/gems/thin-1.0.0/lib/thin/daemonizing.rb:64:in `getgrnam': can't find group for root (ArgumentError)
	from /Users/leeourand/.gem/ruby/1.8/gems/thin-1.0.0/lib/thin/daemonizing.rb:64:in `change_privilege'
	from /Users/leeourand/.gem/ruby/1.8/gems/thin-1.0.0/lib/thin/controllers/controller.rb:60:in `start'
	from /Users/leeourand/.gem/ruby/1.8/gems/thin-1.0.0/lib/thin/runner.rb:173:in `send'
	from /Users/leeourand/.gem/ruby/1.8/gems/thin-1.0.0/lib/thin/runner.rb:173:in `run_command'
	from /Users/leeourand/.gem/ruby/1.8/gems/thin-1.0.0/lib/thin/runner.rb:139:in `run!'
	from /Users/leeourand/.gem/ruby/1.8/gems/thin-1.0.0/bin/thin:6
	from /usr/local/bin/thin:19:in `load'
	from /usr/local/bin/thin:19
